fatal: Unable to create '/home/nebu/world-observer/.git/index.lock': File exists.

Another git process seems to be running in this repository, e.g.
an editor opened by 'git commit'. Please make sure all processes
are terminated then try again. If it still fails, a git process
may have crashed in this repository earlier:
remove the file manually to continue.
[main 4c72201] heartbeat: system alive (UTC 15:00)
 1 file changed, 1 insertion(+), 1 deletion(-)
 rename state/heartbeat/{2026-02-10T00Z.json => 2026-02-10T15Z.json} (67%)

Traceback (most recent call last):
  File "/home/nebu/world-observer/scripts/heartbeat_push.py", line 143, in <module>
    main()
    ~~~~^^
  File "/home/nebu/world-observer/scripts/heartbeat_push.py", line 110, in main
    _git(["git", "add", "--", "state/heartbeat"], repo_root, env)
    ~~~~^^^^^^^^^^^^^^^^^^^^^^^^^^^^^^^^^^^^^^^^^^^^^^^^^^^^^^^^^
  File "/home/nebu/world-observer/scripts/heartbeat_push.py", line 81, in _git
    return subprocess.run(list(args), cwd=repo_root, env=env, capture_output=True, text=True, check=check)
           ~~~~~~~~~~~~~~^^^^^^^^^^^^^^^^^^^^^^^^^^^^^^^^^^^^^^^^^^^^^^^^^^^^^^^^^^^^^^^^^^^^^^^^^^^^^^^^^
  File "/usr/lib/python3.13/subprocess.py", line 577, in run
    raise CalledProcessError(retcode, process.args,
                             output=stdout, stderr=stderr)
subprocess.CalledProcessError: Command '['git', 'add', '--', 'state/heartbeat']' returned non-zero exit status 128.
[main ce34eef] heartbeat: system alive (UTC 16:00)
 1 file changed, 1 insertion(+), 1 deletion(-)
 rename state/heartbeat/{2026-02-10T01Z.json => 2026-02-10T16Z.json} (67%)

fatal: cannot lock ref 'HEAD': is at 825db4746621fc5385a8770bacbc9634092fe25a but expected ce34eef866ab2f82330b627a3c6869df3dbde97b
[main 825db47] heartbeat: system alive (UTC 17:00)
 1 file changed, 1 insertion(+), 1 deletion(-)
 rename state/heartbeat/{2026-02-10T02Z.json => 2026-02-10T17Z.json} (67%)

fatal: Unable to create '/home/nebu/world-observer/.git/index.lock': File exists.

Another git process seems to be running in this repository, e.g.
an editor opened by 'git commit'. Please make sure all processes
are terminated then try again. If it still fails, a git process
may have crashed in this repository earlier:
remove the file manually to continue.
[main 92ac8f3] heartbeat: system alive (UTC 18:00)
 1 file changed, 1 insertion(+), 1 deletion(-)
 rename state/heartbeat/{2026-02-10T03Z.json => 2026-02-10T18Z.json} (67%)

Traceback (most recent call last):
  File "/home/nebu/world-observer/scripts/heartbeat_push.py", line 143, in <module>
    main()
    ~~~~^^
  File "/home/nebu/world-observer/scripts/heartbeat_push.py", line 110, in main
    _git(["git", "add", "--", "state/heartbeat"], repo_root, env)
    ~~~~^^^^^^^^^^^^^^^^^^^^^^^^^^^^^^^^^^^^^^^^^^^^^^^^^^^^^^^^^
  File "/home/nebu/world-observer/scripts/heartbeat_push.py", line 81, in _git
    return subprocess.run(list(args), cwd=repo_root, env=env, capture_output=True, text=True, check=check)
           ~~~~~~~~~~~~~~^^^^^^^^^^^^^^^^^^^^^^^^^^^^^^^^^^^^^^^^^^^^^^^^^^^^^^^^^^^^^^^^^^^^^^^^^^^^^^^^^
  File "/usr/lib/python3.13/subprocess.py", line 577, in run
    raise CalledProcessError(retcode, process.args,
                             output=stdout, stderr=stderr)
subprocess.CalledProcessError: Command '['git', 'add', '--', 'state/heartbeat']' returned non-zero exit status 128.
[main c9addca] heartbeat: system alive (UTC 19:00)
 1 file changed, 1 insertion(+), 1 deletion(-)
 rename state/heartbeat/{2026-02-10T04Z.json => 2026-02-10T19Z.json} (67%)
To github.com:dennishilk/world-observer.git
 ! [rejected]        main -> main (fetch first)
error: failed to push some refs to 'github.com:dennishilk/world-observer.git'
hint: Updates were rejected because the remote contains work that you do not
hint: have locally. This is usually caused by another repository pushing to
hint: the same ref. If you want to integrate the remote changes, use
hint: 'git pull' before pushing again.
hint: See the 'Note about fast-forwards' in 'git push --help' for details.
On branch main
Your branch is ahead of 'origin/main' by 2 commits.
  (use "git push" to publish your local commits)

Untracked files:
  (use "git add <file>..." to include in what will be committed)
	JSON
	logs/cron.log
	no

nothing added to commit but untracked files present (use "git add" to track)
[main 0fcc7a7] heartbeat: system alive (UTC 20:00)
 1 file changed, 1 insertion(+), 1 deletion(-)
 rename state/heartbeat/{2026-02-10T05Z.json => 2026-02-10T20Z.json} (67%)
To github.com:dennishilk/world-observer.git
 ! [rejected]        main -> main (fetch first)
error: failed to push some refs to 'github.com:dennishilk/world-observer.git'
hint: Updates were rejected because the remote contains work that you do not
hint: have locally. This is usually caused by another repository pushing to
hint: the same ref. If you want to integrate the remote changes, use
hint: 'git pull' before pushing again.
hint: See the 'Note about fast-forwards' in 'git push --help' for details.
Traceback (most recent call last):
  File "/home/nebu/world-observer/scripts/heartbeat_push.py", line 143, in <module>
    main()
    ~~~~^^
  File "/home/nebu/world-observer/scripts/heartbeat_push.py", line 110, in main
    _git(["git", "add", "--", "state/heartbeat"], repo_root, env)
    ~~~~^^^^^^^^^^^^^^^^^^^^^^^^^^^^^^^^^^^^^^^^^^^^^^^^^^^^^^^^^
  File "/home/nebu/world-observer/scripts/heartbeat_push.py", line 81, in _git
    return subprocess.run(list(args), cwd=repo_root, env=env, capture_output=True, text=True, check=check)
           ~~~~~~~~~~~~~~^^^^^^^^^^^^^^^^^^^^^^^^^^^^^^^^^^^^^^^^^^^^^^^^^^^^^^^^^^^^^^^^^^^^^^^^^^^^^^^^^
  File "/usr/lib/python3.13/subprocess.py", line 577, in run
    raise CalledProcessError(retcode, process.args,
                             output=stdout, stderr=stderr)
subprocess.CalledProcessError: Command '['git', 'add', '--', 'state/heartbeat']' returned non-zero exit status 128.
[main 49e8b2b] heartbeat: system alive (UTC 21:00)
 1 file changed, 1 insertion(+), 1 deletion(-)
 rename state/heartbeat/{2026-02-10T06Z.json => 2026-02-10T21Z.json} (67%)
To github.com:dennishilk/world-observer.git
 ! [rejected]        main -> main (fetch first)
error: failed to push some refs to 'github.com:dennishilk/world-observer.git'
hint: Updates were rejected because the remote contains work that you do not
hint: have locally. This is usually caused by another repository pushing to
hint: the same ref. If you want to integrate the remote changes, use
hint: 'git pull' before pushing again.
hint: See the 'Note about fast-forwards' in 'git push --help' for details.
Traceback (most recent call last):
  File "/home/nebu/world-observer/scripts/heartbeat_push.py", line 143, in <module>
    main()
    ~~~~^^
  File "/home/nebu/world-observer/scripts/heartbeat_push.py", line 110, in main
    _git(["git", "add", "--", "state/heartbeat"], repo_root, env)
    ~~~~^^^^^^^^^^^^^^^^^^^^^^^^^^^^^^^^^^^^^^^^^^^^^^^^^^^^^^^^^
  File "/home/nebu/world-observer/scripts/heartbeat_push.py", line 81, in _git
    return subprocess.run(list(args), cwd=repo_root, env=env, capture_output=True, text=True, check=check)
           ~~~~~~~~~~~~~~^^^^^^^^^^^^^^^^^^^^^^^^^^^^^^^^^^^^^^^^^^^^^^^^^^^^^^^^^^^^^^^^^^^^^^^^^^^^^^^^^
  File "/usr/lib/python3.13/subprocess.py", line 577, in run
    raise CalledProcessError(retcode, process.args,
                             output=stdout, stderr=stderr)
subprocess.CalledProcessError: Command '['git', 'add', '--', 'state/heartbeat']' returned non-zero exit status 128.
[main d83e62a] heartbeat: system alive (UTC 22:00)
 1 file changed, 1 insertion(+), 1 deletion(-)
 rename state/heartbeat/{2026-02-10T07Z.json => 2026-02-10T22Z.json} (67%)
To github.com:dennishilk/world-observer.git
 ! [rejected]        main -> main (fetch first)
error: failed to push some refs to 'github.com:dennishilk/world-observer.git'
hint: Updates were rejected because the remote contains work that you do not
hint: have locally. This is usually caused by another repository pushing to
hint: the same ref. If you want to integrate the remote changes, use
hint: 'git pull' before pushing again.
hint: See the 'Note about fast-forwards' in 'git push --help' for details.
Traceback (most recent call last):
  File "/home/nebu/world-observer/scripts/heartbeat_push.py", line 143, in <module>
    main()
    ~~~~^^
  File "/home/nebu/world-observer/scripts/heartbeat_push.py", line 110, in main
    _git(["git", "add", "--", "state/heartbeat"], repo_root, env)
    ~~~~^^^^^^^^^^^^^^^^^^^^^^^^^^^^^^^^^^^^^^^^^^^^^^^^^^^^^^^^^
  File "/home/nebu/world-observer/scripts/heartbeat_push.py", line 81, in _git
    return subprocess.run(list(args), cwd=repo_root, env=env, capture_output=True, text=True, check=check)
           ~~~~~~~~~~~~~~^^^^^^^^^^^^^^^^^^^^^^^^^^^^^^^^^^^^^^^^^^^^^^^^^^^^^^^^^^^^^^^^^^^^^^^^^^^^^^^^^
  File "/usr/lib/python3.13/subprocess.py", line 577, in run
    raise CalledProcessError(retcode, process.args,
                             output=stdout, stderr=stderr)
subprocess.CalledProcessError: Command '['git', 'add', '--', 'state/heartbeat']' returned non-zero exit status 128.
[main f681d25] heartbeat: system alive (UTC 23:00)
 1 file changed, 1 insertion(+), 1 deletion(-)
 rename state/heartbeat/{2026-02-10T08Z.json => 2026-02-10T23Z.json} (67%)
To github.com:dennishilk/world-observer.git
 ! [rejected]        main -> main (fetch first)
error: failed to push some refs to 'github.com:dennishilk/world-observer.git'
hint: Updates were rejected because the remote contains work that you do not
hint: have locally. This is usually caused by another repository pushing to
hint: the same ref. If you want to integrate the remote changes, use
hint: 'git pull' before pushing again.
hint: See the 'Note about fast-forwards' in 'git push --help' for details.
fatal: Unable to create '/home/nebu/world-observer/.git/index.lock': File exists.

Another git process seems to be running in this repository, e.g.
an editor opened by 'git commit'. Please make sure all processes
are terminated then try again. If it still fails, a git process
may have crashed in this repository earlier:
remove the file manually to continue.
[main 937290f] heartbeat: system alive (UTC 00:00)
 1 file changed, 1 insertion(+), 1 deletion(-)
 rename state/heartbeat/{2026-02-10T09Z.json => 2026-02-11T00Z.json} (67%)
To github.com:dennishilk/world-observer.git
 ! [rejected]        main -> main (fetch first)
error: failed to push some refs to 'github.com:dennishilk/world-observer.git'
hint: Updates were rejected because the remote contains work that you do not
hint: have locally. This is usually caused by another repository pushing to
hint: the same ref. If you want to integrate the remote changes, use
hint: 'git pull' before pushing again.
hint: See the 'Note about fast-forwards' in 'git push --help' for details.
Traceback (most recent call last):
  File "/home/nebu/world-observer/scripts/heartbeat_push.py", line 143, in <module>
    main()
    ~~~~^^
  File "/home/nebu/world-observer/scripts/heartbeat_push.py", line 110, in main
    _git(["git", "add", "--", "state/heartbeat"], repo_root, env)
    ~~~~^^^^^^^^^^^^^^^^^^^^^^^^^^^^^^^^^^^^^^^^^^^^^^^^^^^^^^^^^
  File "/home/nebu/world-observer/scripts/heartbeat_push.py", line 81, in _git
    return subprocess.run(list(args), cwd=repo_root, env=env, capture_output=True, text=True, check=check)
           ~~~~~~~~~~~~~~^^^^^^^^^^^^^^^^^^^^^^^^^^^^^^^^^^^^^^^^^^^^^^^^^^^^^^^^^^^^^^^^^^^^^^^^^^^^^^^^^
  File "/usr/lib/python3.13/subprocess.py", line 577, in run
    raise CalledProcessError(retcode, process.args,
                             output=stdout, stderr=stderr)
subprocess.CalledProcessError: Command '['git', 'add', '--', 'state/heartbeat']' returned non-zero exit status 128.
[main 9a64ced] heartbeat: system alive (UTC 01:00)
 1 file changed, 1 insertion(+), 1 deletion(-)
 rename state/heartbeat/{2026-02-10T13Z.json => 2026-02-11T01Z.json} (67%)
To github.com:dennishilk/world-observer.git
 ! [rejected]        main -> main (fetch first)
error: failed to push some refs to 'github.com:dennishilk/world-observer.git'
hint: Updates were rejected because the remote contains work that you do not
hint: have locally. This is usually caused by another repository pushing to
hint: the same ref. If you want to integrate the remote changes, use
hint: 'git pull' before pushing again.
hint: See the 'Note about fast-forwards' in 'git push --help' for details.
[heartbeat] no staged changes
[main 2496459] heartbeat: system alive (UTC 02:00)
 1 file changed, 1 insertion(+), 1 deletion(-)
 rename state/heartbeat/{2026-02-10T14Z.json => 2026-02-11T02Z.json} (67%)
To github.com:dennishilk/world-observer.git
 ! [rejected]        main -> main (fetch first)
error: failed to push some refs to 'github.com:dennishilk/world-observer.git'
hint: Updates were rejected because the remote contains work that you do not
hint: have locally. This is usually caused by another repository pushing to
hint: the same ref. If you want to integrate the remote changes, use
hint: 'git pull' before pushing again.
hint: See the 'Note about fast-forwards' in 'git push --help' for details.
To github.com:dennishilk/world-observer.git
 ! [rejected]        main -> main (fetch first)
error: failed to push some refs to 'github.com:dennishilk/world-observer.git'
hint: Updates were rejected because the remote contains work that you do not
hint: have locally. This is usually caused by another repository pushing to
hint: the same ref. If you want to integrate the remote changes, use
hint: 'git pull' before pushing again.
hint: See the 'Note about fast-forwards' in 'git push --help' for details.
No significant deviation detected.
